<?xml version="1.0" encoding="UTF-8"?>
<!-- Generated by org.testng.reporters.JUnitReportReporter -->
<testsuite hostname="ECS-Dinesh" failures="0" tests="1" name="tests.CustomerFormTest" time="2.968" errors="0" timestamp="2025-10-07T12:21:14 IST" skipped="0">
  <testcase classname="tests.CustomerFormTest" name="custForm" time="2.968"/>
</testsuite> <!-- tests.CustomerFormTest -->
