<?xml version="1.0" encoding="UTF-8"?>
<!-- Generated by org.testng.reporters.JUnitReportReporter -->
<testsuite hostname="ECS-Dinesh" failures="0" tests="1" name="tests.CustomerFormTest" time="4.003" errors="0" timestamp="2025-10-08T15:15:08 IST" skipped="0">
  <testcase classname="tests.CustomerFormTest" name="custForm" time="4.003"/>
</testsuite> <!-- tests.CustomerFormTest -->
