<?xml version="1.0" encoding="UTF-8"?>
<!-- Generated by org.testng.reporters.JUnitReportReporter -->
<testsuite hostname="ECS-Dinesh" failures="0" tests="1" name="tests.CustomerFormTest" time="3.304" errors="0" timestamp="2025-10-06T17:57:02 IST" skipped="0">
  <testcase classname="tests.CustomerFormTest" name="custForm" time="3.304"/>
</testsuite> <!-- tests.CustomerFormTest -->
