<?xml version="1.0" encoding="UTF-8"?>
<!-- Generated by org.testng.reporters.JUnitReportReporter -->
<testsuite hostname="ECS-Dinesh" failures="0" tests="1" name="tests.CustomerFormTest" time="4.212" errors="0" timestamp="2025-10-08T13:00:34 IST" skipped="0">
  <testcase classname="tests.CustomerFormTest" name="custForm" time="4.212"/>
</testsuite> <!-- tests.CustomerFormTest -->
