<?xml version="1.0" encoding="UTF-8"?>
<!-- Generated by org.testng.reporters.JUnitReportReporter -->
<testsuite hostname="ECS-Dinesh" failures="0" tests="1" name="tests.CustomerFormTest" time="5.139" errors="0" timestamp="2025-10-09T17:05:28 IST" skipped="0">
  <testcase classname="tests.CustomerFormTest" name="custForm" time="5.139"/>
</testsuite> <!-- tests.CustomerFormTest -->
