<?xml version="1.0" encoding="UTF-8"?>
<!-- Generated by org.testng.reporters.JUnitReportReporter -->
<testsuite hostname="ECS-Dinesh" failures="0" tests="2" name="tests.CustomerFormNegativeTest" time="7.325" errors="0" timestamp="2025-10-08T16:55:01 IST" skipped="1">
  <testcase classname="tests.CustomerFormNegativeTest" name="missingLanguage" time="7.325"/>
  <testcase classname="tests.CustomerFormNegativeTest" name="missingType">
    <skipped/>
  </testcase> <!-- missingType -->
</testsuite> <!-- tests.CustomerFormNegativeTest -->
