<?xml version="1.0" encoding="UTF-8"?>
<!-- Generated by org.testng.reporters.JUnitReportReporter -->
<testsuite hostname="ECS-Dinesh" failures="0" tests="11" name="tests.CustomerFormNegativeTest" time="12.314" errors="0" timestamp="2025-10-08T11:41:30 IST" skipped="9">
  <testcase classname="tests.CustomerFormNegativeTest" name="missingLanguage" time="5.714"/>
  <testcase classname="tests.CustomerFormNegativeTest" name="missingCurrency" time="6.600"/>
  <testcase classname="tests.CustomerFormNegativeTest" name="missingResidenceCountry">
    <skipped/>
  </testcase> <!-- missingResidenceCountry -->
  <testcase classname="tests.CustomerFormNegativeTest" name="missingObjective">
    <skipped/>
  </testcase> <!-- missingObjective -->
  <testcase classname="tests.CustomerFormNegativeTest" name="submitFormWithAllFieldsEmpty">
    <skipped/>
  </testcase> <!-- submitFormWithAllFieldsEmpty -->
  <testcase classname="tests.CustomerFormNegativeTest" name="missingName">
    <skipped/>
  </testcase> <!-- missingName -->
  <testcase classname="tests.CustomerFormNegativeTest" name="missingContact">
    <skipped/>
  </testcase> <!-- missingContact -->
  <testcase classname="tests.CustomerFormNegativeTest" name="missingCountry">
    <skipped/>
  </testcase> <!-- missingCountry -->
  <testcase classname="tests.CustomerFormNegativeTest" name="missingEmail">
    <skipped/>
  </testcase> <!-- missingEmail -->
  <testcase classname="tests.CustomerFormNegativeTest" name="missingCity">
    <skipped/>
  </testcase> <!-- missingCity -->
  <testcase classname="tests.CustomerFormNegativeTest" name="missingBudget">
    <skipped/>
  </testcase> <!-- missingBudget -->
</testsuite> <!-- tests.CustomerFormNegativeTest -->
